<?xml version="1.0" encoding="UTF-8"?>
<!-- Generated by org.testng.reporters.JUnitReportReporter -->
<testsuite hostname="DESKTOP-MPD" failures="0" tests="4" name="Tests.TestScript_06" time="58.732" errors="0" timestamp="2026-02-27T10:53:08 EST" skipped="0">
  <testcase classname="Tests.TestScript_06" name="LoginPage" time="14.419"/>
  <testcase classname="Tests.TestScript_06" name="LoginPage" time="13.950"/>
  <testcase classname="Tests.TestScript_06" name="LoginPage" time="17.073"/>
  <testcase classname="Tests.TestScript_06" name="LoginPage" time="13.290"/>
</testsuite> <!-- Tests.TestScript_06 -->
