<?xml version="1.0" encoding="UTF-8"?>
<!-- Generated by org.testng.reporters.JUnitReportReporter -->
<testsuite hostname="DESKTOP-MPD" failures="0" tests="4" name="Tests.TestScript_05" time="51.481" errors="0" timestamp="2026-02-26T13:57:56 EST" skipped="0">
  <testcase classname="Tests.TestScript_05" name="LoginPage" time="12.156"/>
  <testcase classname="Tests.TestScript_05" name="LoginPage" time="13.025"/>
  <testcase classname="Tests.TestScript_05" name="LoginPage" time="12.584"/>
  <testcase classname="Tests.TestScript_05" name="LoginPage" time="13.716"/>
</testsuite> <!-- Tests.TestScript_05 -->
