<?xml version="1.0" encoding="UTF-8"?>
<!-- Generated by org.testng.reporters.JUnitReportReporter -->
<testsuite hostname="DESKTOP-MPD" failures="0" tests="4" name="Tests.LoginTest_06" time="69.212" errors="0" timestamp="2026-02-27T12:48:11 EST" skipped="0">
  <testcase classname="Tests.LoginTest_06" name="LoginPage" time="17.520"/>
  <testcase classname="Tests.LoginTest_06" name="LoginPage" time="14.989"/>
  <testcase classname="Tests.LoginTest_06" name="LoginPage" time="17.972"/>
  <testcase classname="Tests.LoginTest_06" name="LoginPage" time="18.731"/>
</testsuite> <!-- Tests.LoginTest_06 -->
