<?xml version="1.0" encoding="UTF-8"?>
<!-- Generated by org.testng.reporters.JUnitReportReporter -->
<testsuite hostname="DESKTOP-MPD" failures="0" tests="4" name="Tests.LoginTest_05" time="75.230" errors="0" timestamp="2026-02-27T12:29:04 EST" skipped="0">
  <testcase classname="Tests.LoginTest_05" name="LoginPage" time="16.248"/>
  <testcase classname="Tests.LoginTest_05" name="LoginPage" time="17.526"/>
  <testcase classname="Tests.LoginTest_05" name="LoginPage" time="17.195"/>
  <testcase classname="Tests.LoginTest_05" name="LoginPage" time="24.261"/>
</testsuite> <!-- Tests.LoginTest_05 -->
