<?xml version="1.0" encoding="UTF-8"?>
<!-- Generated by org.testng.reporters.JUnitReportReporter -->
<testsuite hostname="DESKTOP-MPD" failures="0" tests="4" name="Tests.TestScript_05" time="66.954" errors="0" timestamp="2026-02-27T10:58:32 EST" skipped="0">
  <testcase classname="Tests.TestScript_05" name="LoginPage" time="14.428"/>
  <testcase classname="Tests.TestScript_05" name="LoginPage" time="15.420"/>
  <testcase classname="Tests.TestScript_05" name="LoginPage" time="15.687"/>
  <testcase classname="Tests.TestScript_05" name="LoginPage" time="21.419"/>
</testsuite> <!-- Tests.TestScript_05 -->
