<?xml version="1.0" encoding="UTF-8"?>
<!-- Generated by org.testng.reporters.JUnitReportReporter -->
<testsuite hostname="DESKTOP-MPD" failures="0" tests="4" name="Tests.LoginTest_04" time="55.665" errors="0" timestamp="2026-02-26T12:00:13 EST" skipped="0">
  <testcase classname="Tests.LoginTest_04" name="LoginPage" time="13.520"/>
  <testcase classname="Tests.LoginTest_04" name="LoginPage" time="12.675"/>
  <testcase classname="Tests.LoginTest_04" name="LoginPage" time="16.967"/>
  <testcase classname="Tests.LoginTest_04" name="LoginPage" time="12.503"/>
</testsuite> <!-- Tests.LoginTest_04 -->
