<?xml version="1.0" encoding="UTF-8"?>
<!-- Generated by org.testng.reporters.JUnitXMLReporter -->
<testsuite ignored="0" hostname="DESKTOP-MPD" failures="0" tests="4" name="Default test" time="73.022" errors="0" timestamp="2026-02-27T12:48:10 EST">
  <testcase classname="Tests.LoginTest_06" name="LoginPage" time="2.809"/>
  <testcase classname="Tests.LoginTest_06" name="LoginPage" time="1.053"/>
  <testcase classname="Tests.LoginTest_06" name="LoginPage" time="1.046"/>
  <testcase classname="Tests.LoginTest_06" name="LoginPage" time="1.527"/>
</testsuite> <!-- Default test -->
