<?xml version="1.0" encoding="UTF-8"?>
<!-- Generated by org.testng.reporters.JUnitXMLReporter -->
<testsuite ignored="0" hostname="DESKTOP-MPD" failures="0" tests="4" name="Default test" time="54.156" errors="0" timestamp="2026-02-26T13:57:55 EST">
  <testcase classname="Tests.TestScript_05" name="LoginPage" time="1.514"/>
  <testcase classname="Tests.TestScript_05" name="LoginPage" time="1.043"/>
  <testcase classname="Tests.TestScript_05" name="LoginPage" time="0.941"/>
  <testcase classname="Tests.TestScript_05" name="LoginPage" time="0.9"/>
</testsuite> <!-- Default test -->
