<?xml version="1.0" encoding="UTF-8"?>
<!-- Generated by org.testng.reporters.JUnitXMLReporter -->
<testsuite ignored="0" hostname="DESKTOP-MPD" failures="0" tests="4" name="Default test" time="57.167" errors="0" timestamp="2026-02-27T10:28:27 EST">
  <testcase classname="Tests.TestScript_06" name="LoginPage" time="1.773"/>
  <testcase classname="Tests.TestScript_06" name="LoginPage" time="1.008"/>
  <testcase classname="Tests.TestScript_06" name="LoginPage" time="0.981"/>
  <testcase classname="Tests.TestScript_06" name="LoginPage" time="0.896"/>
</testsuite> <!-- Default test -->
