<?xml version="1.0" encoding="UTF-8"?>
<!-- Generated by org.testng.reporters.JUnitXMLReporter -->
<testsuite ignored="0" hostname="DESKTOP-MPD" failures="0" tests="4" name="Default test" time="69.675" errors="0" timestamp="2026-02-27T10:58:32 EST">
  <testcase classname="Tests.TestScript_05" name="LoginPage" time="2.102"/>
  <testcase classname="Tests.TestScript_05" name="LoginPage" time="1.139"/>
  <testcase classname="Tests.TestScript_05" name="LoginPage" time="1.036"/>
  <testcase classname="Tests.TestScript_05" name="LoginPage" time="1.283"/>
</testsuite> <!-- Default test -->
