<?xml version="1.0" encoding="UTF-8"?>
<testng-results ignored="0" total="0" passed="0" failed="0" skipped="0">
  <reporter-output>
  </reporter-output>
  <suite started-at="2026-02-22T16:24:23 EST" name="Surefire suite" finished-at="2026-02-22T16:24:23 EST" duration-ms="22">
    <groups>
    </groups>
    <test started-at="2026-02-22T16:24:23 EST" name="Surefire test" finished-at="2026-02-22T16:24:23 EST" duration-ms="22">
    </test> <!-- Surefire test -->
  </suite> <!-- Surefire suite -->
</testng-results>
