<?xml version="1.0" encoding="UTF-8"?>
<testng-results ignored="0" total="4" passed="4" failed="0" skipped="0">
  <reporter-output>
  </reporter-output>
  <suite started-at="2026-02-27T10:57:22 EST" name="Default suite" finished-at="2026-02-27T10:58:32 EST" duration-ms="69675">
    <groups>
    </groups>
    <test started-at="2026-02-27T10:57:22 EST" name="Default test" finished-at="2026-02-27T10:58:32 EST" duration-ms="69675">
      <class name="Tests.TestScript_05">
        <test-method is-config="true" signature="setUp()[pri:0, instance:Tests.TestScript_05@2f4948e4]" started-at="2026-02-27T10:57:25 EST" name="setUp" finished-at="2026-02-27T10:57:39 EST" duration-ms="13879" status="PASS">
          <reporter-output>
          </reporter-output>
        </test-method> <!-- setUp -->
        <test-method signature="LoginPage(java.lang.String,java.lang.String)[pri:0, instance:Tests.TestScript_05@2f4948e4]" started-at="2026-02-27T10:57:39 EST" name="LoginPage" data-provider="Database1" finished-at="2026-02-27T10:57:41 EST" duration-ms="2102" status="PASS">
          <params>
            <param index="0">
              <value>
                <![CDATA[mngr654806]]>
              </value>
            </param>
            <param index="1">
              <value>
                <![CDATA[amYtesu]]>
              </value>
            </param>
          </params>
          <reporter-output>
          </reporter-output>
        </test-method> <!-- LoginPage -->
        <test-method is-config="true" signature="tearDown()[pri:0, instance:Tests.TestScript_05@2f4948e4]" started-at="2026-02-27T10:57:41 EST" name="tearDown" finished-at="2026-02-27T10:57:45 EST" duration-ms="3929" status="PASS">
          <reporter-output>
          </reporter-output>
        </test-method> <!-- tearDown -->
        <test-method is-config="true" signature="setUp()[pri:0, instance:Tests.TestScript_05@2f4948e4]" started-at="2026-02-27T10:57:45 EST" name="setUp" finished-at="2026-02-27T10:57:55 EST" duration-ms="9833" status="PASS">
          <reporter-output>
          </reporter-output>
        </test-method> <!-- setUp -->
        <test-method signature="LoginPage(java.lang.String,java.lang.String)[pri:0, instance:Tests.TestScript_05@2f4948e4]" started-at="2026-02-27T10:57:55 EST" name="LoginPage" data-provider="Database1" finished-at="2026-02-27T10:57:56 EST" duration-ms="1139" status="PASS">
          <params>
            <param index="0">
              <value>
                <![CDATA[invalid]]>
              </value>
            </param>
            <param index="1">
              <value>
                <![CDATA[valid]]>
              </value>
            </param>
          </params>
          <reporter-output>
          </reporter-output>
        </test-method> <!-- LoginPage -->
        <test-method is-config="true" signature="tearDown()[pri:0, instance:Tests.TestScript_05@2f4948e4]" started-at="2026-02-27T10:57:56 EST" name="tearDown" finished-at="2026-02-27T10:58:02 EST" duration-ms="6257" status="PASS">
          <reporter-output>
          </reporter-output>
        </test-method> <!-- tearDown -->
        <test-method is-config="true" signature="setUp()[pri:0, instance:Tests.TestScript_05@2f4948e4]" started-at="2026-02-27T10:58:02 EST" name="setUp" finished-at="2026-02-27T10:58:11 EST" duration-ms="9463" status="PASS">
          <reporter-output>
          </reporter-output>
        </test-method> <!-- setUp -->
        <test-method signature="LoginPage(java.lang.String,java.lang.String)[pri:0, instance:Tests.TestScript_05@2f4948e4]" started-at="2026-02-27T10:58:11 EST" name="LoginPage" data-provider="Database1" finished-at="2026-02-27T10:58:13 EST" duration-ms="1036" status="PASS">
          <params>
            <param index="0">
              <value>
                <![CDATA[valid]]>
              </value>
            </param>
            <param index="1">
              <value>
                <![CDATA[invalid]]>
              </value>
            </param>
          </params>
          <reporter-output>
          </reporter-output>
        </test-method> <!-- LoginPage -->
        <test-method is-config="true" signature="tearDown()[pri:0, instance:Tests.TestScript_05@2f4948e4]" started-at="2026-02-27T10:58:13 EST" name="tearDown" finished-at="2026-02-27T10:58:17 EST" duration-ms="4448" status="PASS">
          <reporter-output>
          </reporter-output>
        </test-method> <!-- tearDown -->
        <test-method is-config="true" signature="setUp()[pri:0, instance:Tests.TestScript_05@2f4948e4]" started-at="2026-02-27T10:58:17 EST" name="setUp" finished-at="2026-02-27T10:58:26 EST" duration-ms="9191" status="PASS">
          <reporter-output>
          </reporter-output>
        </test-method> <!-- setUp -->
        <test-method signature="LoginPage(java.lang.String,java.lang.String)[pri:0, instance:Tests.TestScript_05@2f4948e4]" started-at="2026-02-27T10:58:26 EST" name="LoginPage" data-provider="Database1" finished-at="2026-02-27T10:58:27 EST" duration-ms="1283" status="PASS">
          <params>
            <param index="0">
              <value>
                <![CDATA[invalid]]>
              </value>
            </param>
            <param index="1">
              <value>
                <![CDATA[invalid]]>
              </value>
            </param>
          </params>
          <reporter-output>
          </reporter-output>
        </test-method> <!-- LoginPage -->
        <test-method is-config="true" signature="tearDown()[pri:0, instance:Tests.TestScript_05@2f4948e4]" started-at="2026-02-27T10:58:27 EST" name="tearDown" finished-at="2026-02-27T10:58:32 EST" duration-ms="4394" status="PASS">
          <reporter-output>
          </reporter-output>
        </test-method> <!-- tearDown -->
      </class> <!-- Tests.TestScript_05 -->
    </test> <!-- Default test -->
  </suite> <!-- Default suite -->
</testng-results>
